Using pre-set license
Built from '2020.3/staging' branch; Version is '2020.3.3f1 (76626098c1c4) revision 7758432'; Using compiler version '192528614'; Build Type 'Release'
OS: 'Windows 10 Pro; OS build 19043.1586; Version 2009; 64bit' Language: 'en' Physical Memory: 262028 MB
BatchMode: 1, IsHumanControllingUs: 0, StartBugReporterOnCrash: 0, Is64bit: 1, IsPro: 0

 COMMAND LINE ARGUMENTS:
C:\Program Files\Unity\Hub\Editor\2020.3.3f1\Editor\Unity.exe
-adb2
-batchMode
-noUpm
-name
AssetImportWorker0
-projectPath
C:/Projects/Unity/AudioCompression
-logFile
Logs/AssetImportWorker0.log
-srvPort
65303
Successfully changed project path to: C:/Projects/Unity/AudioCompression
C:/Projects/Unity/AudioCompression
Using Asset Import Pipeline V2.
Refreshing native plugins compatible for Editor in 20.23 ms, found 0 plugins.
Preloading 0 native plugins for Editor in 0.00 ms.
Initialize engine version: 2020.3.3f1 (76626098c1c4)
[Subsystems] Discovering subsystems at path C:/Program Files/Unity/Hub/Editor/2020.3.3f1/Editor/Data/Resources/UnitySubsystems
[Subsystems] Discovering subsystems at path C:/Projects/Unity/AudioCompression/Assets
GfxDevice: creating device client; threaded=0
Direct3D:
    Version:  Direct3D 11.0 [level 11.1]
    Renderer: NVIDIA GeForce RTX 3090 (ID=0x2204)
    Vendor:   
    VRAM:     24348 MB
    Driver:   30.0.14.7284
Initialize mono
Mono path[0] = 'C:/Program Files/Unity/Hub/Editor/2020.3.3f1/Editor/Data/Managed'
Mono path[1] = 'C:/Program Files/Unity/Hub/Editor/2020.3.3f1/Editor/Data/MonoBleedingEdge/lib/mono/unityjit'
Mono config path = 'C:/Program Files/Unity/Hub/Editor/2020.3.3f1/Editor/Data/MonoBleedingEdge/etc'
Using monoOptions --debugger-agent=transport=dt_socket,embedding=1,server=y,suspend=n,address=127.0.0.1:56156
Begin MonoManager ReloadAssembly
Registering precompiled unity dll's ...
Register platform support module: C:/Program Files/Unity/Hub/Editor/2020.3.3f1/Editor/Data/PlaybackEngines/WindowsStandaloneSupport/UnityEditor.WindowsStandalone.Extensions.dll
Registered in 0.001639 seconds.
Native extension for WindowsStandalone target not found
Refreshing native plugins compatible for Editor in 23.22 ms, found 0 plugins.
Preloading 0 native plugins for Editor in 0.00 ms.
Invoked RoslynAnalysisRunner static constructor.
RoslynAnalysisRunner will not be running.
RoslynAnalysisRunner has terminated.
Mono: successfully reloaded assembly
- Completed reload, in  1.496 seconds
Platform modules already initialized, skipping
Registering precompiled user dll's ...
Registered in 0.000527 seconds.
Begin MonoManager ReloadAssembly
Native extension for WindowsStandalone target not found
Refreshing native plugins compatible for Editor in 0.23 ms, found 0 plugins.
Preloading 0 native plugins for Editor in 0.00 ms.
Invoked RoslynAnalysisRunner static constructor.
RoslynAnalysisRunner will not be running.
RoslynAnalysisRunner has terminated.
Mono: successfully reloaded assembly
- Completed reload, in  0.653 seconds
Platform modules already initialized, skipping
========================================================================
Worker process is ready to serve import requests
Launched and connected shader compiler UnityShaderCompiler.exe after 0.05 seconds
Refreshing native plugins compatible for Editor in 0.20 ms, found 0 plugins.
Preloading 0 native plugins for Editor in 0.00 ms.
Unloading 1115 Unused Serialized files (Serialized files now loaded: 0)
System memory in use before: 57.2 MB.
System memory in use after: 57.2 MB.

Unloading 10 unused Assets to reduce memory usage. Loaded Objects now: 1557.
Total: 1.448600 ms (FindLiveObjects: 0.125300 ms CreateObjectMapping: 0.028400 ms MarkObjects: 1.233900 ms  DeleteObjects: 0.060100 ms)

========================================================================
Received Import Request.
  path: Assets/Scripts
  artifactKey: Guid(a16da9ba0f75c6c4697d2202a30f3dde) Importer(815301076,1909f56bfc062723c751e8b465ee728b)
Start importing Assets/Scripts using Guid(a16da9ba0f75c6c4697d2202a30f3dde) Importer(815301076,1909f56bfc062723c751e8b465ee728b)  -> (artifact id: '8ca36ac2b86b14b6c0fcd0622e3e546f') in 0.007092 seconds
  Import took 0.008617 seconds .

========================================================================
Received Import Request.
  Time since last request: 166.538311 seconds.
  path: Assets/Packages
  artifactKey: Guid(13120e35f7acac141aa0447a5cff2216) Importer(815301076,1909f56bfc062723c751e8b465ee728b)
Start importing Assets/Packages using Guid(13120e35f7acac141aa0447a5cff2216) Importer(815301076,1909f56bfc062723c751e8b465ee728b)  -> (artifact id: 'f06c65410a797451d70a83fd791af17f') in 0.007333 seconds
  Import took 0.009119 seconds .

========================================================================
Received Import Request.
  Time since last request: 0.000533 seconds.
  path: Assets/Packages
  artifactKey: Guid(13120e35f7acac141aa0447a5cff2216) Importer(815301076,1909f56bfc062723c751e8b465ee728b)
Start importing Assets/Packages using Guid(13120e35f7acac141aa0447a5cff2216) Importer(815301076,1909f56bfc062723c751e8b465ee728b)  -> (artifact id: 'f06c65410a797451d70a83fd791af17f') in 0.001992 seconds
  Import took 0.003196 seconds .

========================================================================
Received Import Request.
  Time since last request: 199.491231 seconds.
  path: Assets/Packages/NAudio.2.0.0/naudio-icon.png
  artifactKey: Guid(fd71c351173625f46899c439d5cd7e24) Importer(815301076,1909f56bfc062723c751e8b465ee728b)
Start importing Assets/Packages/NAudio.2.0.0/naudio-icon.png using Guid(fd71c351173625f46899c439d5cd7e24) Importer(815301076,1909f56bfc062723c751e8b465ee728b)  -> (artifact id: '197d754bd97ff768ff9057388ba03156') in 0.112660 seconds
  Import took 0.114550 seconds .

========================================================================
Received Import Request.
  Time since last request: 0.000129 seconds.
  path: Assets/Packages/NAudio.Wasapi.2.0.0/naudio-icon.png
  artifactKey: Guid(9051cf2b8a44b59489b30eb3e18ed894) Importer(815301076,1909f56bfc062723c751e8b465ee728b)
Start importing Assets/Packages/NAudio.Wasapi.2.0.0/naudio-icon.png using Guid(9051cf2b8a44b59489b30eb3e18ed894) Importer(815301076,1909f56bfc062723c751e8b465ee728b)  -> (artifact id: '046ef1a14f4c65f69caf02aabfe6937a') in 0.008278 seconds
  Import took 0.009515 seconds .

========================================================================
Received Import Request.
  Time since last request: 0.000106 seconds.
  path: Assets/Packages/NAudio.WinForms.2.0.0/naudio-icon.png
  artifactKey: Guid(46c3fb5c9deb0834dbdc544421e98b69) Importer(815301076,1909f56bfc062723c751e8b465ee728b)
Start importing Assets/Packages/NAudio.WinForms.2.0.0/naudio-icon.png using Guid(46c3fb5c9deb0834dbdc544421e98b69) Importer(815301076,1909f56bfc062723c751e8b465ee728b)  -> (artifact id: '25984a857b33856e42fa1c8ee9d66c9b') in 0.009018 seconds
  Import took 0.010222 seconds .

========================================================================
Received Import Request.
  Time since last request: 0.000112 seconds.
  path: Assets/Packages/NAudio.WinMM.2.0.0/naudio-icon.png
  artifactKey: Guid(683e647285b104b4d85a46533f8cb4fe) Importer(815301076,1909f56bfc062723c751e8b465ee728b)
Start importing Assets/Packages/NAudio.WinMM.2.0.0/naudio-icon.png using Guid(683e647285b104b4d85a46533f8cb4fe) Importer(815301076,1909f56bfc062723c751e8b465ee728b)  -> (artifact id: '82ba7cf4479880f4d53af7a683c599f7') in 0.009808 seconds
  Import took 0.011026 seconds .

========================================================================
Received Import Request.
  Time since last request: 0.000104 seconds.
  path: Assets/Packages/NAudio.Midi.2.0.0/naudio-icon.png
  artifactKey: Guid(ed37ce259131de94b85d40c90d665444) Importer(815301076,1909f56bfc062723c751e8b465ee728b)
Start importing Assets/Packages/NAudio.Midi.2.0.0/naudio-icon.png using Guid(ed37ce259131de94b85d40c90d665444) Importer(815301076,1909f56bfc062723c751e8b465ee728b)  -> (artifact id: '80445eb399b307a3156018981f2065e8') in 0.007252 seconds
  Import took 0.008444 seconds .

========================================================================
Received Import Request.
  Time since last request: 0.000083 seconds.
  path: Assets/Packages/NAudio.Core.2.0.0/naudio-icon.png
  artifactKey: Guid(78b69fe9522ce2b4cb84b1794bf08e5a) Importer(815301076,1909f56bfc062723c751e8b465ee728b)
Start importing Assets/Packages/NAudio.Core.2.0.0/naudio-icon.png using Guid(78b69fe9522ce2b4cb84b1794bf08e5a) Importer(815301076,1909f56bfc062723c751e8b465ee728b)  -> (artifact id: '94e396ab8ffef6c0df6abec0cd4db77c') in 0.005001 seconds
  Import took 0.006171 seconds .

========================================================================
Received Import Request.
  Time since last request: 0.000096 seconds.
  path: Assets/Packages/NAudio.Asio.2.0.0/naudio-icon.png
  artifactKey: Guid(40519985656bcec44b40afe4b9895056) Importer(815301076,1909f56bfc062723c751e8b465ee728b)
Start importing Assets/Packages/NAudio.Asio.2.0.0/naudio-icon.png using Guid(40519985656bcec44b40afe4b9895056) Importer(815301076,1909f56bfc062723c751e8b465ee728b)  -> (artifact id: 'f8a246ed3c05b904716b88ec99f40761') in 0.008861 seconds
  Import took 0.010057 seconds .

========================================================================
Received Import Request.
  Time since last request: 2.745394 seconds.
  path: Assets/Scripts/Audio/AudioListener.cs
  artifactKey: Guid(9b1bb3169b4a52d45a021bedec28283e) Importer(815301076,1909f56bfc062723c751e8b465ee728b)
Start importing Assets/Scripts/Audio/AudioListener.cs using Guid(9b1bb3169b4a52d45a021bedec28283e) Importer(815301076,1909f56bfc062723c751e8b465ee728b)  -> (artifact id: 'ff9a5b347f15fbf34e9c7f2fb589abfc') in 0.010029 seconds
  Import took 0.011835 seconds .

========================================================================
Received Import Request.
  Time since last request: 0.016027 seconds.
  path: Assets/Scripts/Audio/AudioListener.cs
  artifactKey: Guid(9b1bb3169b4a52d45a021bedec28283e) Importer(815301076,1909f56bfc062723c751e8b465ee728b)
Start importing Assets/Scripts/Audio/AudioListener.cs using Guid(9b1bb3169b4a52d45a021bedec28283e) Importer(815301076,1909f56bfc062723c751e8b465ee728b)  -> (artifact id: 'ff9a5b347f15fbf34e9c7f2fb589abfc') in 0.001860 seconds
  Import took 0.003063 seconds .

========================================================================
Received Import Request.
  Time since last request: 392.508009 seconds.
  path: Assets/Scripts/Audio/AudioListener.cs
  artifactKey: Guid(9b1bb3169b4a52d45a021bedec28283e) Importer(815301076,1909f56bfc062723c751e8b465ee728b)
Start importing Assets/Scripts/Audio/AudioListener.cs using Guid(9b1bb3169b4a52d45a021bedec28283e) Importer(815301076,1909f56bfc062723c751e8b465ee728b)  -> (artifact id: 'eb2b8dfe931e6ae0cf27ded5fb7fe559') in 0.004874 seconds
  Import took 0.006650 seconds .

========================================================================
Received Import Request.
  Time since last request: 226.502452 seconds.
  path: Assets/Scripts/Audio/AudioClipCameraPlayer.cs
  artifactKey: Guid(06ddd4cda3672fd4fa3d4c8cb9af2b5d) Importer(815301076,1909f56bfc062723c751e8b465ee728b)
Start importing Assets/Scripts/Audio/AudioClipCameraPlayer.cs using Guid(06ddd4cda3672fd4fa3d4c8cb9af2b5d) Importer(815301076,1909f56bfc062723c751e8b465ee728b)  -> (artifact id: '67649ca298ced1cd5620569388359c7f') in 0.005263 seconds
  Import took 0.006912 seconds .

========================================================================
Received Prepare
Registering precompiled user dll's ...
Registered in 0.004268 seconds.
Begin MonoManager ReloadAssembly
Native extension for WindowsStandalone target not found
Refreshing native plugins compatible for Editor in 0.33 ms, found 1 plugins.
Preloading 0 native plugins for Editor in 0.00 ms.
Invoked RoslynAnalysisRunner static constructor.
RoslynAnalysisRunner will not be running.
RoslynAnalysisRunner has terminated.
Mono: successfully reloaded assembly
- Completed reload, in  0.639 seconds
Platform modules already initialized, skipping
Refreshing native plugins compatible for Editor in 0.26 ms, found 1 plugins.
Preloading 0 native plugins for Editor in 0.00 ms.
Unloading 1181 Unused Serialized files (Serialized files now loaded: 0)
System memory in use before: 59.3 MB.
System memory in use after: 59.4 MB.

Unloading 17 unused Assets to reduce memory usage. Loaded Objects now: 1621.
Total: 1.449900 ms (FindLiveObjects: 0.127300 ms CreateObjectMapping: 0.029400 ms MarkObjects: 1.248600 ms  DeleteObjects: 0.043900 ms)

========================================================================
Received Import Request.
  Time since last request: 61.595093 seconds.
  path: Assets/Scenes/SampleScene.unity
  artifactKey: Guid(9fc0d4010bbf28b4594072e72b8655ab) Importer(815301076,1909f56bfc062723c751e8b465ee728b)
Start importing Assets/Scenes/SampleScene.unity using Guid(9fc0d4010bbf28b4594072e72b8655ab) Importer(815301076,1909f56bfc062723c751e8b465ee728b)  -> (artifact id: 'f5c2f2c2a1bc51d97acb4e2643276eeb') in 0.012655 seconds
  Import took 0.014503 seconds .

========================================================================
Received Import Request.
  Time since last request: 0.001295 seconds.
  path: Assets/Scenes/SampleScene.unity
  artifactKey: Guid(9fc0d4010bbf28b4594072e72b8655ab) Importer(815301076,1909f56bfc062723c751e8b465ee728b)
Start importing Assets/Scenes/SampleScene.unity using Guid(9fc0d4010bbf28b4594072e72b8655ab) Importer(815301076,1909f56bfc062723c751e8b465ee728b)  -> (artifact id: 'f5c2f2c2a1bc51d97acb4e2643276eeb') in 0.001932 seconds
  Import took 0.003117 seconds .

========================================================================
Received Import Request.
  Time since last request: 32.293477 seconds.
  path: Assets/Scenes/AudioTestScene.unity
  artifactKey: Guid(9fc0d4010bbf28b4594072e72b8655ab) Importer(815301076,1909f56bfc062723c751e8b465ee728b)
Start importing Assets/Scenes/AudioTestScene.unity using Guid(9fc0d4010bbf28b4594072e72b8655ab) Importer(815301076,1909f56bfc062723c751e8b465ee728b)  -> (artifact id: '779fb7c6335dbe9a6622ecd314b1e1ff') in 0.005958 seconds
  Import took 0.007699 seconds .

========================================================================
Received Prepare
Registering precompiled user dll's ...
Registered in 0.004349 seconds.
Begin MonoManager ReloadAssembly
Native extension for WindowsStandalone target not found
Refreshing native plugins compatible for Editor in 0.36 ms, found 1 plugins.
Preloading 0 native plugins for Editor in 0.00 ms.
Invoked RoslynAnalysisRunner static constructor.
RoslynAnalysisRunner will not be running.
RoslynAnalysisRunner has terminated.
Mono: successfully reloaded assembly
- Completed reload, in  0.650 seconds
Platform modules already initialized, skipping
Refreshing native plugins compatible for Editor in 0.25 ms, found 1 plugins.
Preloading 0 native plugins for Editor in 0.00 ms.
Unloading 1181 Unused Serialized files (Serialized files now loaded: 0)
System memory in use before: 59.3 MB.
System memory in use after: 59.4 MB.

Unloading 17 unused Assets to reduce memory usage. Loaded Objects now: 1624.
Total: 1.470200 ms (FindLiveObjects: 0.133200 ms CreateObjectMapping: 0.029100 ms MarkObjects: 1.266600 ms  DeleteObjects: 0.040500 ms)

========================================================================
Received Prepare
Registering precompiled user dll's ...
Registered in 0.005136 seconds.
Begin MonoManager ReloadAssembly
Native extension for WindowsStandalone target not found
Refreshing native plugins compatible for Editor in 0.33 ms, found 1 plugins.
Preloading 0 native plugins for Editor in 0.00 ms.
Invoked RoslynAnalysisRunner static constructor.
RoslynAnalysisRunner will not be running.
RoslynAnalysisRunner has terminated.
Mono: successfully reloaded assembly
- Completed reload, in  0.645 seconds
Platform modules already initialized, skipping
Refreshing native plugins compatible for Editor in 0.26 ms, found 1 plugins.
Preloading 0 native plugins for Editor in 0.00 ms.
Unloading 1181 Unused Serialized files (Serialized files now loaded: 0)
System memory in use before: 59.3 MB.
System memory in use after: 59.4 MB.

Unloading 17 unused Assets to reduce memory usage. Loaded Objects now: 1627.
Total: 1.428900 ms (FindLiveObjects: 0.125000 ms CreateObjectMapping: 0.026100 ms MarkObjects: 1.230800 ms  DeleteObjects: 0.046200 ms)

AssetImportWorkerClient::OnTransportError - code=2 error=End of file
